!SESSION 2015-10-14 22:15:00.322 -----------------------------------------------
eclipse.buildId=unknown
java.version=1.8.0_60
java.vendor=Oracle Corporation
BootLoader constants: OS=linux, ARCH=x86_64, WS=gtk, NL=en_GB
Framework arguments:  -application de.bht.fpa.mail.s822248.application
Command-line arguments:  -application de.bht.fpa.mail.s822248.application -data /home/roberto/Documents/Uni/beuth/WS15/FPA2/java/../runtime-de.bht.fpa.mail.s822248.application -dev file:/home/roberto/Documents/Uni/beuth/WS15/FPA2/java/.metadata/.plugins/org.eclipse.pde.core/de.bht.fpa.mail.s822248.application/dev.properties -os linux -ws gtk -arch x86_64 -consoleLog

!ENTRY org.eclipse.osgi 4 0 2015-10-14 22:15:01.118
!MESSAGE Application error
!STACK 1
java.lang.RuntimeException: Application "de.bht.fpa.mail.s822248.application" could not be found in the registry. The applications available are: org.eclipse.equinox.app.error, org.eclipse.ant.core.antRunner, org.eclipse.e4.ui.workbench.swt.E4Application, org.eclipse.e4.ui.workbench.swt.GenTopic.
	at org.eclipse.equinox.internal.app.EclipseAppContainer.startDefaultApp(EclipseAppContainer.java:248)
	at org.eclipse.equinox.internal.app.MainApplicationLauncher.run(MainApplicationLauncher.java:29)
	at org.eclipse.core.runtime.internal.adaptor.EclipseAppLauncher.runApplication(EclipseAppLauncher.java:134)
	at org.eclipse.core.runtime.internal.adaptor.EclipseAppLauncher.start(EclipseAppLauncher.java:104)
	at org.eclipse.core.runtime.adaptor.EclipseStarter.run(EclipseStarter.java:380)
	at org.eclipse.core.runtime.adaptor.EclipseStarter.run(EclipseStarter.java:235)
	at sun.reflect.NativeMethodAccessorImpl.invoke0(Native Method)
	at sun.reflect.NativeMethodAccessorImpl.invoke(NativeMethodAccessorImpl.java:62)
	at sun.reflect.DelegatingMethodAccessorImpl.invoke(DelegatingMethodAccessorImpl.java:43)
	at java.lang.reflect.Method.invoke(Method.java:497)
	at org.eclipse.equinox.launcher.Main.invokeFramework(Main.java:648)
	at org.eclipse.equinox.launcher.Main.basicRun(Main.java:603)
	at org.eclipse.equinox.launcher.Main.run(Main.java:1465)
	at org.eclipse.equinox.launcher.Main.main(Main.java:1438)
